[0.330s] Invoking command in '/home/asimkumar/asitlorbotsix_ws/build/asitlorbotsix_autonomy': CMAKE_PREFIX_PATH=${CMAKE_PREFIX_PATH}:/home/asimkumar/asitlorbotsix_ws/install/asitlorbot_six:/opt/ros/humble /usr/bin/cmake --build /home/asimkumar/asitlorbotsix_ws/build/asitlorbotsix_autonomy -- -j8 -l8
[0.374s] -- Found ament_cmake: 1.3.8 (/opt/ros/humble/share/ament_cmake/cmake)
[0.616s] -- Override CMake install command with custom implementation using symlinks instead of copying resources
[0.644s] -- Found rclcpp: 16.0.8 (/opt/ros/humble/share/rclcpp/cmake)
[0.713s] -- Found rosidl_generator_c: 3.1.5 (/opt/ros/humble/share/rosidl_generator_c/cmake)
[0.716s] -- Found rosidl_adapter: 3.1.5 (/opt/ros/humble/share/rosidl_adapter/cmake)
[0.728s] -- Found rosidl_generator_cpp: 3.1.5 (/opt/ros/humble/share/rosidl_generator_cpp/cmake)
[0.746s] -- Using all available rosidl_typesupport_c: rosidl_typesupport_fastrtps_c;rosidl_typesupport_introspection_c
[0.775s] -- Using all available rosidl_typesupport_cpp: rosidl_typesupport_fastrtps_cpp;rosidl_typesupport_introspection_cpp
[0.870s] -- Found rmw_implementation_cmake: 6.1.1 (/opt/ros/humble/share/rmw_implementation_cmake/cmake)
[0.873s] -- Found rmw_cyclonedds_cpp: 1.3.4 (/opt/ros/humble/share/rmw_cyclonedds_cpp/cmake)
[0.923s] -- Using RMW implementation 'rmw_cyclonedds_cpp' as default
[1.146s] -- Found rclcpp_action: 16.0.8 (/opt/ros/humble/share/rclcpp_action/cmake)
[1.255s] -- Found nav2_msgs: 1.1.14 (/opt/ros/humble/share/nav2_msgs/cmake)
[1.567s] -- Found tf2: 0.25.6 (/opt/ros/humble/share/tf2/cmake)
[1.574s] -- Found tf2_geometry_msgs: 0.25.6 (/opt/ros/humble/share/tf2_geometry_msgs/cmake)
[1.578s] -- Found eigen3_cmake_module: 0.1.1 (/opt/ros/humble/share/eigen3_cmake_module/cmake)
[1.580s] -- Ensuring Eigen3 include directory is part of orocos-kdl CMake target
[1.826s] -- Found ament_lint_auto: 0.12.10 (/opt/ros/humble/share/ament_lint_auto/cmake)
[1.901s] -- Added test 'cppcheck' to perform static code analysis on C / C++ code
[1.901s] -- Configured cppcheck include dirs: /home/asimkumar/asitlorbotsix_ws/src/asitlorbotsix_autonomy/include
[1.901s] -- Configured cppcheck exclude dirs and/or files: 
[1.901s] -- Added test 'flake8' to check Python code syntax and style conventions
[1.902s] -- Added test 'lint_cmake' to check CMake code style
[1.903s] -- Added test 'pep257' to check Python code against some of the docstring style conventions in PEP 257
[1.905s] -- Added test 'uncrustify' to check C / C++ code style
[1.905s] -- Configured uncrustify additional arguments: 
[1.905s] -- Added test 'xmllint' to check XML markup files
[1.906s] -- Configuring done
[1.921s] -- Generating done
[1.924s] -- Build files have been written to: /home/asimkumar/asitlorbotsix_ws/build/asitlorbotsix_autonomy
[1.974s] [ 60%] [32mBuilding CXX object CMakeFiles/asitlorbotsix_autonomy.dir/src/navigation_behaviours.cpp.o[0m
[1.975s] [ 60%] [32mBuilding CXX object CMakeFiles/autonomy_node.dir/src/autonomy_node.cpp.o[0m
[1.975s] [ 60%] [32mBuilding CXX object CMakeFiles/autonomy_node.dir/src/navigation_behaviours.cpp.o[0m
[1.983s] [01m[K/home/asimkumar/asitlorbotsix_ws/src/asitlorbotsix_autonomy/src/navigation_behaviours.cpp:1:10:[m[K [01;31m[Kfatal error: [m[Knavigation_behaviors.h: No such file or directory
[1.983s]     1 | #include [01;31m[K"navigation_behaviors.h"[m[K
[1.983s]       |          [01;31m[K^~~~~~~~~~~~~~~~~~~~~~~~[m[K
[1.984s] compilation terminated.
[1.984s] [01m[K/home/asimkumar/asitlorbotsix_ws/src/asitlorbotsix_autonomy/src/autonomy_node.cpp:1:10:[m[K [01;31m[Kfatal error: [m[Kautonomy_node.h: No such file or directory
[1.984s]     1 | #include [01;31m[K"autonomy_node.h"[m[K
[1.985s]       |          [01;31m[K^~~~~~~~~~~~~~~~~[m[K
[1.985s] [01m[K/home/asimkumar/asitlorbotsix_ws/src/asitlorbotsix_autonomy/src/navigation_behaviours.cpp:1:10:[m[K [01;31m[Kfatal error: [m[Knavigation_behaviors.h: No such file or directory
[1.985s]     1 | #include [01;31m[K"navigation_behaviors.h"[m[K
[1.985s]       |          [01;31m[K^~~~~~~~~~~~~~~~~~~~~~~~[m[K
[1.985s] compilation terminated.
[1.985s] compilation terminated.
[1.985s] gmake[2]: *** [CMakeFiles/asitlorbotsix_autonomy.dir/build.make:76: CMakeFiles/asitlorbotsix_autonomy.dir/src/navigation_behaviours.cpp.o] Error 1
[1.985s] gmake[2]: *** [CMakeFiles/autonomy_node.dir/build.make:90: CMakeFiles/autonomy_node.dir/src/navigation_behaviours.cpp.o] Error 1
[1.985s] gmake[2]: *** Waiting for unfinished jobs....
[1.986s] gmake[1]: *** [CMakeFiles/Makefile2:139: CMakeFiles/asitlorbotsix_autonomy.dir/all] Error 2
[1.986s] gmake[1]: *** Waiting for unfinished jobs....
[1.986s] gmake[2]: *** [CMakeFiles/autonomy_node.dir/build.make:76: CMakeFiles/autonomy_node.dir/src/autonomy_node.cpp.o] Error 1
[1.986s] gmake[1]: *** [CMakeFiles/Makefile2:165: CMakeFiles/autonomy_node.dir/all] Error 2
[1.986s] gmake: *** [Makefile:146: all] Error 2
[1.989s] Invoked command in '/home/asimkumar/asitlorbotsix_ws/build/asitlorbotsix_autonomy' returned '2': CMAKE_PREFIX_PATH=${CMAKE_PREFIX_PATH}:/home/asimkumar/asitlorbotsix_ws/install/asitlorbot_six:/opt/ros/humble /usr/bin/cmake --build /home/asimkumar/asitlorbotsix_ws/build/asitlorbotsix_autonomy -- -j8 -l8
