[0.517s] Invoking command in '/home/asimkumar/asitlorbotsix_ws/build/asitlorbotsix_autonomy': CMAKE_PREFIX_PATH=${CMAKE_PREFIX_PATH}:/home/asimkumar/asitlorbotsix_ws/install/asitlorbot_six:/opt/ros/humble /usr/bin/cmake --build /home/asimkumar/asitlorbotsix_ws/build/asitlorbotsix_autonomy -- -j8 -l8
[0.575s] -- Found ament_cmake: 1.3.8 (/opt/ros/humble/share/ament_cmake/cmake)
[0.968s] -- Override CMake install command with custom implementation using symlinks instead of copying resources
[0.976s] -- Found rclcpp: 16.0.8 (/opt/ros/humble/share/rclcpp/cmake)
[1.029s] -- Found rosidl_generator_c: 3.1.5 (/opt/ros/humble/share/rosidl_generator_c/cmake)
[1.056s] -- Found rosidl_adapter: 3.1.5 (/opt/ros/humble/share/rosidl_adapter/cmake)
[1.056s] -- Found rosidl_generator_cpp: 3.1.5 (/opt/ros/humble/share/rosidl_generator_cpp/cmake)
[1.075s] -- Using all available rosidl_typesupport_c: rosidl_typesupport_fastrtps_c;rosidl_typesupport_introspection_c
[1.101s] -- Using all available rosidl_typesupport_cpp: rosidl_typesupport_fastrtps_cpp;rosidl_typesupport_introspection_cpp
[1.191s] -- Found rmw_implementation_cmake: 6.1.1 (/opt/ros/humble/share/rmw_implementation_cmake/cmake)
[1.194s] -- Found rmw_cyclonedds_cpp: 1.3.4 (/opt/ros/humble/share/rmw_cyclonedds_cpp/cmake)
[1.242s] -- Using RMW implementation 'rmw_cyclonedds_cpp' as default
[1.499s] -- Found rclcpp_action: 16.0.8 (/opt/ros/humble/share/rclcpp_action/cmake)
[1.686s] -- Found nav2_msgs: 1.1.14 (/opt/ros/humble/share/nav2_msgs/cmake)
[2.158s] -- Found tf2: 0.25.6 (/opt/ros/humble/share/tf2/cmake)
[2.170s] -- Found tf2_geometry_msgs: 0.25.6 (/opt/ros/humble/share/tf2_geometry_msgs/cmake)
[2.175s] -- Found eigen3_cmake_module: 0.1.1 (/opt/ros/humble/share/eigen3_cmake_module/cmake)
[2.177s] -- Ensuring Eigen3 include directory is part of orocos-kdl CMake target
[2.535s] -- Found ament_lint_auto: 0.12.10 (/opt/ros/humble/share/ament_lint_auto/cmake)
[2.636s] -- Added test 'cppcheck' to perform static code analysis on C / C++ code
[2.636s] -- Configured cppcheck include dirs: /home/asimkumar/asitlorbotsix_ws/src/asitlorbotsix_autonomy/include
[2.636s] -- Configured cppcheck exclude dirs and/or files: 
[2.636s] -- Added test 'flake8' to check Python code syntax and style conventions
[2.637s] -- Added test 'lint_cmake' to check CMake code style
[2.638s] -- Added test 'pep257' to check Python code against some of the docstring style conventions in PEP 257
[2.640s] -- Added test 'uncrustify' to check C / C++ code style
[2.640s] -- Configured uncrustify additional arguments: 
[2.640s] -- Added test 'xmllint' to check XML markup files
[2.642s] -- Configuring done
[2.660s] -- Generating done
[2.663s] -- Build files have been written to: /home/asimkumar/asitlorbotsix_ws/build/asitlorbotsix_autonomy
[2.731s] [ 66%] [32mBuilding CXX object CMakeFiles/autonomy_node.dir/src/autonomy_node.cpp.o[0m
[2.731s] [ 66%] [32mBuilding CXX object CMakeFiles/autonomy_node.dir/src/navigation_behaviors.cpp.o[0m
[2.747s] [01m[K/home/asimkumar/asitlorbotsix_ws/src/asitlorbotsix_autonomy/src/navigation_behaviors.cpp:1:10:[m[K [01;31m[Kfatal error: [m[Knavigation_behaviors.h: No such file or directory
[2.747s]     1 | #include [01;31m[K"navigation_behaviors.h"[m[K
[2.747s]       |          [01;31m[K^~~~~~~~~~~~~~~~~~~~~~~~[m[K
[2.747s] [01m[K/home/asimkumar/asitlorbotsix_ws/src/asitlorbotsix_autonomy/src/autonomy_node.cpp:1:10:[m[K [01;31m[Kfatal error: [m[Kautonomy_node.h: No such file or directory
[2.747s]     1 | #include [01;31m[K"autonomy_node.h"[m[K
[2.748s]       |          [01;31m[K^~~~~~~~~~~~~~~~~[m[K
[2.748s] compilation terminated.
[2.748s] compilation terminated.
[2.748s] gmake[2]: *** [CMakeFiles/autonomy_node.dir/build.make:76: CMakeFiles/autonomy_node.dir/src/autonomy_node.cpp.o] Error 1
[2.748s] gmake[2]: *** Waiting for unfinished jobs....
[2.748s] gmake[2]: *** [CMakeFiles/autonomy_node.dir/build.make:90: CMakeFiles/autonomy_node.dir/src/navigation_behaviors.cpp.o] Error 1
[2.749s] gmake[1]: *** [CMakeFiles/Makefile2:137: CMakeFiles/autonomy_node.dir/all] Error 2
[2.749s] gmake: *** [Makefile:146: all] Error 2
[2.753s] Invoked command in '/home/asimkumar/asitlorbotsix_ws/build/asitlorbotsix_autonomy' returned '2': CMAKE_PREFIX_PATH=${CMAKE_PREFIX_PATH}:/home/asimkumar/asitlorbotsix_ws/install/asitlorbot_six:/opt/ros/humble /usr/bin/cmake --build /home/asimkumar/asitlorbotsix_ws/build/asitlorbotsix_autonomy -- -j8 -l8
